Build started 3/2/2014 10:05:08 AM.
     1>Project "C:\Users\manny01\documents\visual studio 2010\Projects\COSC_OS_HW2\COSC_OS_HW2\COSC_OS_HW2.vcxproj" on node 2 (build target(s)).
     1>InitializeBuildStatus:
         Creating "Debug\COSC_OS_HW2.unsuccessfulbuild" because "AlwaysCreate" was specified.
       ClCompile:
         All outputs are up-to-date.
         C:\Program Files (x86)\Microsoft Visual Studio 10.0\VC\bin\CL.exe /c /ZI /nologo /W3 /WX- /Od /Oy- /D WIN32 /D _DEBUG /D _CONSOLE /D _UNICODE /D UNICODE /Gm /EHsc /RTC1 /MDd /GS /fp:precise /Zc:wchar_t /Zc:forScope /Yu"StdAfx.h" /Fp"Debug\COSC_OS_HW2.pch" /Fo"Debug\\" /Fd"Debug\vc100.pdb" /Gd /TP /analyze- /errorReport:prompt COSC_OS_HW2.cpp
         COSC_OS_HW2.cpp
       ManifestResourceCompile:
         All outputs are up-to-date.
       Link:
         C:\Program Files (x86)\Microsoft Visual Studio 10.0\VC\bin\link.exe /ERRORREPORT:PROMPT /OUT:"C:\Users\manny01\documents\visual studio 2010\Projects\COSC_OS_HW2\Debug\COSC_OS_HW2.exe" /INCREMENTAL /NOLOGO kernel32.lib user32.lib gdi32.lib winspool.lib comdlg32.lib advapi32.lib shell32.lib ole32.lib oleaut32.lib uuid.lib odbc32.lib odbccp32.lib /MANIFEST /ManifestFile:"Debug\COSC_OS_HW2.exe.intermediate.manifest" /MANIFESTUAC:"level='asInvoker' uiAccess='false'" /DEBUG /PDB:"C:\Users\manny01\documents\visual studio 2010\Projects\COSC_OS_HW2\Debug\COSC_OS_HW2.pdb" /SUBSYSTEM:CONSOLE /TLBID:1 /DYNAMICBASE /NXCOMPAT /IMPLIB:"C:\Users\manny01\documents\visual studio 2010\Projects\COSC_OS_HW2\Debug\COSC_OS_HW2.lib" /MACHINE:X86 Debug\COSC_OS_HW2.exe.embed.manifest.res
         Debug\COSC_OS_HW2.obj
         Debug\stdafx.obj
       Manifest:
         C:\Program Files (x86)\Microsoft SDKs\Windows\v7.0A\bin\mt.exe /nologo /verbose /out:"Debug\COSC_OS_HW2.exe.embed.manifest" /manifest Debug\COSC_OS_HW2.exe.intermediate.manifest
         All outputs are up-to-date.
       LinkEmbedManifest:
         All outputs are up-to-date.
         COSC_OS_HW2.vcxproj -> C:\Users\manny01\documents\visual studio 2010\Projects\COSC_OS_HW2\Debug\COSC_OS_HW2.exe
       FinalizeBuildStatus:
         Deleting file "Debug\COSC_OS_HW2.unsuccessfulbuild".
         Touching "Debug\COSC_OS_HW2.lastbuildstate".
     1>Done Building Project "C:\Users\manny01\documents\visual studio 2010\Projects\COSC_OS_HW2\COSC_OS_HW2\COSC_OS_HW2.vcxproj" (build target(s)).

Build succeeded.

Time Elapsed 00:00:00.98
